Flow report for DE1_SoC_Computer
Sun May 26 17:11:27 2019
Quartus Prime Version 17.1.0 Build 590 10/25/2017 SJ Standard Edition


---------------------
; Table of Contents ;
---------------------
  1. Legal Notice
  2. Flow Summary
  3. Flow Settings
  4. Flow Non-Default Global Settings
  5. Flow Elapsed Time
  6. Flow OS Summary
  7. Flow Log
  8. Flow Messages
  9. Flow Suppressed Messages



----------------
; Legal Notice ;
----------------
Copyright (C) 2017  Intel Corporation. All rights reserved.
Your use of Intel Corporation's design tools, logic functions 
and other software and tools, and its AMPP partner logic 
functions, and any output files from any of the foregoing 
(including device programming or simulation files), and any 
associated documentation or information are expressly subject 
to the terms and conditions of the Intel Program License 
Subscription Agreement, the Intel Quartus Prime License Agreement,
the Intel FPGA IP License Agreement, or other applicable license
agreement, including, without limitation, that your use is for
the sole purpose of programming logic devices manufactured by
Intel and sold by Intel or its authorized distributors.  Please
refer to the applicable agreement for further details.



+-----------------------------------------------------------------------------------+
; Flow Summary                                                                      ;
+---------------------------------+-------------------------------------------------+
; Flow Status                     ; Successful - Sun May 26 17:08:56 2019           ;
; Quartus Prime Version           ; 17.1.0 Build 590 10/25/2017 SJ Standard Edition ;
; Revision Name                   ; DE1_SoC_Computer                                ;
; Top-level Entity Name           ; DE1_SoC_Computer                                ;
; Family                          ; Cyclone V                                       ;
; Device                          ; 5CSEMA5F31C6                                    ;
; Timing Models                   ; Final                                           ;
; Logic utilization (in ALMs)     ; 4,880 / 32,070 ( 15 % )                         ;
; Total registers                 ; 11089                                           ;
; Total pins                      ; 366 / 457 ( 80 % )                              ;
; Total virtual pins              ; 0                                               ;
; Total block memory bits         ; 2,884,600 / 4,065,280 ( 71 % )                  ;
; Total DSP Blocks                ; 33 / 87 ( 38 % )                                ;
; Total HSSI RX PCSs              ; 0                                               ;
; Total HSSI PMA RX Deserializers ; 0                                               ;
; Total HSSI TX PCSs              ; 0                                               ;
; Total HSSI PMA TX Serializers   ; 0                                               ;
; Total PLLs                      ; 3 / 6 ( 50 % )                                  ;
; Total DLLs                      ; 1 / 4 ( 25 % )                                  ;
+---------------------------------+-------------------------------------------------+


+-----------------------------------------+
; Flow Settings                           ;
+-------------------+---------------------+
; Option            ; Setting             ;
+-------------------+---------------------+
; Start date & time ; 02/24/2019 15:22:43 ;
; Main task         ; Compilation         ;
; Revision Name     ; DE1_SoC_Computer    ;
+-------------------+---------------------+


+-------------------------------------------------------------------------------------------------------------------------------------------------------------------------------------------------------------+
; Flow Non-Default Global Settings                                                                                                                                                                            ;
+-------------------------------------+-------------------------------------------------------------------------------+---------------+------------------------------------------+----------------------------+
; Assignment Name                     ; Value                                                                         ; Default Value ; Entity Name                              ; Section Id                 ;
+-------------------------------------+-------------------------------------------------------------------------------+---------------+------------------------------------------+----------------------------+
; COMPILER_SIGNATURE_ID               ; 738759708294.155099656206536                                                  ; --            ; --                                       ; --                         ;
; CROSS_BOUNDARY_OPTIMIZATIONS        ; On                                                                            ; --            ; --                                       ; multi_hier                 ;
; HPS_ISW_FILE                        ; Computer_System/synthesis/submodules/sequencer/alt_types.pre.h                ; --            ; Computer_System_ARM_A9_HPS_hps_io_border ; --                         ;
; HPS_ISW_FILE                        ; Computer_System/synthesis/submodules/sequencer/emif.pre.xml                   ; --            ; Computer_System_ARM_A9_HPS_hps_io_border ; --                         ;
; HPS_ISW_FILE                        ; Computer_System/synthesis/submodules/sequencer/sdram_io.pre.h                 ; --            ; Computer_System_ARM_A9_HPS_hps_io_border ; --                         ;
; HPS_ISW_FILE                        ; Computer_System/synthesis/submodules/sequencer/sequencer.pre.c                ; --            ; Computer_System_ARM_A9_HPS_hps_io_border ; --                         ;
; HPS_ISW_FILE                        ; Computer_System/synthesis/submodules/sequencer/sequencer.pre.h                ; --            ; Computer_System_ARM_A9_HPS_hps_io_border ; --                         ;
; HPS_ISW_FILE                        ; Computer_System/synthesis/submodules/sequencer/sequencer_auto.pre.h           ; --            ; Computer_System_ARM_A9_HPS_hps_io_border ; --                         ;
; HPS_ISW_FILE                        ; Computer_System/synthesis/submodules/sequencer/sequencer_auto_ac_init.pre.c   ; --            ; Computer_System_ARM_A9_HPS_hps_io_border ; --                         ;
; HPS_ISW_FILE                        ; Computer_System/synthesis/submodules/sequencer/sequencer_auto_inst_init.pre.c ; --            ; Computer_System_ARM_A9_HPS_hps_io_border ; --                         ;
; HPS_ISW_FILE                        ; Computer_System/synthesis/submodules/sequencer/sequencer_defines.pre.h        ; --            ; Computer_System_ARM_A9_HPS_hps_io_border ; --                         ;
; HPS_ISW_FILE                        ; Computer_System/synthesis/submodules/sequencer/system.pre.h                   ; --            ; Computer_System_ARM_A9_HPS_hps_io_border ; --                         ;
; HPS_ISW_FILE                        ; Computer_System/synthesis/submodules/sequencer/tclrpt.pre.c                   ; --            ; Computer_System_ARM_A9_HPS_hps_io_border ; --                         ;
; HPS_ISW_FILE                        ; Computer_System/synthesis/submodules/sequencer/tclrpt.pre.h                   ; --            ; Computer_System_ARM_A9_HPS_hps_io_border ; --                         ;
; HPS_ISW_FILE                        ; Computer_System/synthesis/submodules/hps.pre.xml                              ; --            ; Computer_System_ARM_A9_HPS_hps_io_border ; --                         ;
; HPS_PARTITION                       ; On                                                                            ; --            ; Computer_System_ARM_A9_HPS_hps_io_border ; --                         ;
; MAX_CORE_JUNCTION_TEMP              ; 85                                                                            ; --            ; --                                       ; --                         ;
; MIN_CORE_JUNCTION_TEMP              ; 0                                                                             ; --            ; --                                       ; --                         ;
; MISC_FILE                           ; Computer_System/synthesis/../Computer_System.cmp                              ; --            ; --                                       ; --                         ;
; MISC_FILE                           ; Computer_System/synthesis/../../G                                             ; --            ; --                                       ; --                         ;
; MISC_FILE                           ; Computer_System/synthesis/Computer_System_ARM_A9_HPS_hps.svd                  ; --            ; --                                       ; --                         ;
; MISC_FILE                           ; Computer_System/synthesis/../../Computer_System.qsys                          ; --            ; --                                       ; --                         ;
; MISC_FILE                           ; Computer_System/synthesis/submodules/sequencer/alt_types.pre.h                ; --            ; --                                       ; --                         ;
; MISC_FILE                           ; Computer_System/synthesis/submodules/sequencer/emif.pre.xml                   ; --            ; --                                       ; --                         ;
; MISC_FILE                           ; Computer_System/synthesis/submodules/sequencer/sdram_io.pre.h                 ; --            ; --                                       ; --                         ;
; MISC_FILE                           ; Computer_System/synthesis/submodules/sequencer/sequencer.pre.c                ; --            ; --                                       ; --                         ;
; MISC_FILE                           ; Computer_System/synthesis/submodules/sequencer/sequencer.pre.h                ; --            ; --                                       ; --                         ;
; MISC_FILE                           ; Computer_System/synthesis/submodules/sequencer/sequencer_auto.pre.h           ; --            ; --                                       ; --                         ;
; MISC_FILE                           ; Computer_System/synthesis/submodules/sequencer/sequencer_auto_ac_init.pre.c   ; --            ; --                                       ; --                         ;
; MISC_FILE                           ; Computer_System/synthesis/submodules/sequencer/sequencer_auto_inst_init.pre.c ; --            ; --                                       ; --                         ;
; MISC_FILE                           ; Computer_System/synthesis/submodules/sequencer/sequencer_defines.pre.h        ; --            ; --                                       ; --                         ;
; MISC_FILE                           ; Computer_System/synthesis/submodules/sequencer/system.pre.h                   ; --            ; --                                       ; --                         ;
; MISC_FILE                           ; Computer_System/synthesis/submodules/sequencer/tclrpt.pre.c                   ; --            ; --                                       ; --                         ;
; MISC_FILE                           ; Computer_System/synthesis/submodules/sequencer/tclrpt.pre.h                   ; --            ; --                                       ; --                         ;
; MISC_FILE                           ; Computer_System/synthesis/submodules/hps.pre.xml                              ; --            ; --                                       ; --                         ;
; NUM_PARALLEL_PROCESSORS             ; All                                                                           ; --            ; --                                       ; --                         ;
; PARTITION_COLOR                     ; -- (Not supported for targeted family)                                        ; --            ; --                                       ; multi_hier                 ;
; PARTITION_COLOR                     ; -- (Not supported for targeted family)                                        ; --            ; --                                       ; Computer_System:The_System ;
; PARTITION_COLOR                     ; -- (Not supported for targeted family)                                        ; --            ; --                                       ; Top                        ;
; PARTITION_FITTER_PRESERVATION_LEVEL ; -- (Not supported for targeted family)                                        ; --            ; --                                       ; multi_hier                 ;
; PARTITION_FITTER_PRESERVATION_LEVEL ; -- (Not supported for targeted family)                                        ; --            ; --                                       ; Computer_System:The_System ;
; PARTITION_FITTER_PRESERVATION_LEVEL ; -- (Not supported for targeted family)                                        ; --            ; --                                       ; Top                        ;
; PARTITION_NETLIST_TYPE              ; -- (Not supported for targeted family)                                        ; --            ; --                                       ; multi_hier                 ;
; PARTITION_NETLIST_TYPE              ; -- (Not supported for targeted family)                                        ; --            ; --                                       ; Computer_System:The_System ;
; PARTITION_NETLIST_TYPE              ; -- (Not supported for targeted family)                                        ; --            ; --                                       ; Top                        ;
; POWER_BOARD_THERMAL_MODEL           ; None (CONSERVATIVE)                                                           ; --            ; --                                       ; --                         ;
; POWER_PRESET_COOLING_SOLUTION       ; 23 MM HEAT SINK WITH 200 LFPM AIRFLOW                                         ; --            ; --                                       ; --                         ;
; SLD_FILE                            ; Computer_System/synthesis/Computer_System.regmap                              ; --            ; --                                       ; --                         ;
; SLD_FILE                            ; Computer_System/synthesis/Computer_System.debuginfo                           ; --            ; --                                       ; --                         ;
; SLD_INFO                            ; QSYS_NAME Computer_System HAS_SOPCINFO 1 GENERATION_ID 1529345592             ; --            ; Computer_System                          ; --                         ;
; SOPCINFO_FILE                       ; Computer_System/synthesis/../../Computer_System.sopcinfo                      ; --            ; --                                       ; --                         ;
; SYNTHESIS_ONLY_QIP                  ; On                                                                            ; --            ; --                                       ; --                         ;
+-------------------------------------+-------------------------------------------------------------------------------+---------------+------------------------------------------+----------------------------+


+-------------------------------------------------------------------------------------------------------------------------------+
; Flow Elapsed Time                                                                                                             ;
+---------------------------+--------------+-------------------------+---------------------+------------------------------------+
; Module Name               ; Elapsed Time ; Average Processors Used ; Peak Virtual Memory ; Total CPU Time (on all processors) ;
+---------------------------+--------------+-------------------------+---------------------+------------------------------------+
; Analysis & Synthesis      ; 00:00:46     ; 1.0                     ; 955 MB              ; 00:01:09                           ;
; Partition Merge           ; 00:00:14     ; 1.0                     ; 658 MB              ; 00:00:11                           ;
; Fitter                    ; 00:04:23     ; 1.1                     ; 2987 MB             ; 00:07:04                           ;
; Assembler                 ; 00:00:17     ; 1.0                     ; 790 MB              ; 00:00:17                           ;
; TimeQuest Timing Analyzer ; 00:01:02     ; 1.2                     ; 1519 MB             ; 00:01:13                           ;
; Analysis & Synthesis      ; 00:00:40     ; 1.0                     ; 874 MB              ; 00:01:05                           ;
; Partition Merge           ; 00:00:11     ; 1.0                     ; 666 MB              ; 00:00:12                           ;
; Fitter                    ; 00:02:45     ; 1.1                     ; 3144 MB             ; 00:03:55                           ;
; Assembler                 ; 00:00:15     ; 1.0                     ; 754 MB              ; 00:00:15                           ;
; TimeQuest Timing Analyzer ; 00:00:55     ; 1.1                     ; 1592 MB             ; 00:00:59                           ;
; Analysis & Synthesis      ; 00:00:33     ; 1.0                     ; 885 MB              ; 00:00:58                           ;
; Partition Merge           ; 00:00:12     ; 1.0                     ; 797 MB              ; 00:00:12                           ;
; Fitter                    ; 00:02:25     ; 1.1                     ; 3180 MB             ; 00:02:59                           ;
; Assembler                 ; 00:00:17     ; 1.0                     ; 755 MB              ; 00:00:15                           ;
; TimeQuest Timing Analyzer ; 00:00:57     ; 1.1                     ; 1590 MB             ; 00:01:00                           ;
; Analysis & Synthesis      ; 00:00:34     ; 1.0                     ; 885 MB              ; 00:00:59                           ;
; Partition Merge           ; 00:00:12     ; 1.0                     ; 804 MB              ; 00:00:12                           ;
; Fitter                    ; 00:02:25     ; 1.1                     ; 3180 MB             ; 00:03:00                           ;
; Assembler                 ; 00:00:17     ; 1.0                     ; 753 MB              ; 00:00:15                           ;
; TimeQuest Timing Analyzer ; 00:00:57     ; 1.1                     ; 1597 MB             ; 00:01:00                           ;
; Analysis & Synthesis      ; 00:00:33     ; 1.0                     ; 886 MB              ; 00:00:57                           ;
; Partition Merge           ; 00:00:12     ; 1.0                     ; 799 MB              ; 00:00:12                           ;
; Fitter                    ; 00:02:24     ; 1.1                     ; 3180 MB             ; 00:02:59                           ;
; Assembler                 ; 00:00:17     ; 1.0                     ; 755 MB              ; 00:00:15                           ;
; TimeQuest Timing Analyzer ; 00:00:59     ; 1.1                     ; 1594 MB             ; 00:01:01                           ;
; Analysis & Synthesis      ; 00:00:33     ; 1.0                     ; 884 MB              ; 00:00:57                           ;
; Partition Merge           ; 00:00:13     ; 1.0                     ; 797 MB              ; 00:00:12                           ;
; Fitter                    ; 00:02:28     ; 1.1                     ; 3182 MB             ; 00:03:02                           ;
; Assembler                 ; 00:00:16     ; 1.0                     ; 757 MB              ; 00:00:15                           ;
; TimeQuest Timing Analyzer ; 00:00:58     ; 1.1                     ; 1590 MB             ; 00:01:01                           ;
; Analysis & Synthesis      ; 00:01:55     ; 1.0                     ; 1347 MB             ; 00:02:20                           ;
; Partition Merge           ; 00:00:18     ; 1.0                     ; 862 MB              ; 00:00:18                           ;
; Fitter                    ; 00:05:35     ; 1.1                     ; 3409 MB             ; 00:09:25                           ;
; Assembler                 ; 00:00:21     ; 1.0                     ; 864 MB              ; 00:00:20                           ;
; TimeQuest Timing Analyzer ; 00:01:20     ; 1.3                     ; 1750 MB             ; 00:01:37                           ;
; Analysis & Synthesis      ; 00:01:07     ; 1.0                     ; 1223 MB             ; 00:01:29                           ;
; Analysis & Synthesis      ; 00:02:11     ; 1.2                     ; 1390 MB             ; 00:02:54                           ;
; Partition Merge           ; 00:00:19     ; 1.0                     ; 790 MB              ; 00:00:19                           ;
; Fitter                    ; 00:07:06     ; 1.1                     ; 3415 MB             ; 00:12:07                           ;
; Assembler                 ; 00:00:26     ; 1.0                     ; 893 MB              ; 00:00:23                           ;
; TimeQuest Timing Analyzer ; 00:01:31     ; 1.3                     ; 1784 MB             ; 00:01:54                           ;
; Analysis & Synthesis      ; 00:02:23     ; 1.2                     ; 1444 MB             ; 00:03:04                           ;
; Partition Merge           ; 00:00:21     ; 1.0                     ; 783 MB              ; 00:00:20                           ;
; Fitter                    ; 00:06:38     ; 1.1                     ; 3432 MB             ; 00:11:19                           ;
; Assembler                 ; 00:00:23     ; 1.0                     ; 891 MB              ; 00:00:23                           ;
; TimeQuest Timing Analyzer ; 00:01:33     ; 1.3                     ; 1795 MB             ; 00:01:56                           ;
; Analysis & Synthesis      ; 00:03:16     ; 1.1                     ; 1485 MB             ; 00:04:20                           ;
; Partition Merge           ; 00:00:26     ; 1.0                     ; 795 MB              ; 00:00:25                           ;
; Fitter                    ; 00:08:06     ; 1.1                     ; 3457 MB             ; 00:12:46                           ;
; Assembler                 ; 00:00:31     ; 1.0                     ; 918 MB              ; 00:00:25                           ;
; Analysis & Synthesis      ; 00:02:18     ; 1.0                     ; 1422 MB             ; 00:02:36                           ;
; Partition Merge           ; 00:00:20     ; 1.0                     ; 792 MB              ; 00:00:20                           ;
; Fitter                    ; 00:07:59     ; 1.1                     ; 3365 MB             ; 00:11:21                           ;
; Assembler                 ; 00:00:29     ; 1.0                     ; 888 MB              ; 00:00:27                           ;
; TimeQuest Timing Analyzer ; 00:01:51     ; 1.2                     ; 1778 MB             ; 00:02:05                           ;
; Analysis & Synthesis      ; 00:02:28     ; 1.2                     ; 1465 MB             ; 00:03:14                           ;
; Partition Merge           ; 00:00:23     ; 1.0                     ; 906 MB              ; 00:00:23                           ;
; Fitter                    ; 00:07:23     ; 1.1                     ; 3591 MB             ; 00:12:32                           ;
; Assembler                 ; 00:00:24     ; 1.0                     ; 907 MB              ; 00:00:23                           ;
; TimeQuest Timing Analyzer ; 00:01:39     ; 1.3                     ; 1824 MB             ; 00:02:07                           ;
; Analysis & Synthesis      ; 00:02:29     ; 1.2                     ; 1470 MB             ; 00:03:12                           ;
; Partition Merge           ; 00:00:23     ; 1.0                     ; 910 MB              ; 00:00:23                           ;
; Fitter                    ; 00:07:21     ; 1.1                     ; 3610 MB             ; 00:12:07                           ;
; Assembler                 ; 00:00:24     ; 1.0                     ; 902 MB              ; 00:00:23                           ;
; TimeQuest Timing Analyzer ; 00:01:33     ; 1.3                     ; 1813 MB             ; 00:01:58                           ;
; Analysis & Synthesis      ; 00:02:54     ; 1.2                     ; 1412 MB             ; 00:03:32                           ;
; Partition Merge           ; 00:00:21     ; 1.0                     ; 793 MB              ; 00:00:20                           ;
; Fitter                    ; 00:07:05     ; 1.1                     ; 3499 MB             ; 00:11:41                           ;
; Assembler                 ; 00:00:22     ; 1.0                     ; 898 MB              ; 00:00:22                           ;
; TimeQuest Timing Analyzer ; 00:01:35     ; 1.3                     ; 1809 MB             ; 00:01:59                           ;
; Analysis & Synthesis      ; 00:02:42     ; 1.2                     ; 1472 MB             ; 00:03:17                           ;
; Partition Merge           ; 00:00:21     ; 1.0                     ; 790 MB              ; 00:00:20                           ;
; Fitter                    ; 00:06:51     ; 1.1                     ; 3513 MB             ; 00:11:29                           ;
; Assembler                 ; 00:00:25     ; 1.0                     ; 898 MB              ; 00:00:23                           ;
; TimeQuest Timing Analyzer ; 00:01:38     ; 1.3                     ; 1819 MB             ; 00:02:01                           ;
; Analysis & Synthesis      ; 00:02:16     ; 1.2                     ; 1460 MB             ; 00:03:02                           ;
; Partition Merge           ; 00:00:21     ; 1.0                     ; 794 MB              ; 00:00:21                           ;
; Fitter                    ; 00:07:01     ; 1.1                     ; 3500 MB             ; 00:11:41                           ;
; Assembler                 ; 00:00:22     ; 1.0                     ; 903 MB              ; 00:00:23                           ;
; TimeQuest Timing Analyzer ; 00:01:33     ; 1.3                     ; 1809 MB             ; 00:01:58                           ;
; Analysis & Synthesis      ; 00:00:42     ; 1.0                     ; 1029 MB             ; 00:01:05                           ;
; Analysis & Synthesis      ; 00:02:30     ; 1.2                     ; 1454 MB             ; 00:03:17                           ;
; Partition Merge           ; 00:00:23     ; 1.0                     ; 795 MB              ; 00:00:23                           ;
; Fitter                    ; 00:07:31     ; 1.1                     ; 3532 MB             ; 00:12:30                           ;
; Assembler                 ; 00:00:24     ; 1.0                     ; 909 MB              ; 00:00:24                           ;
; TimeQuest Timing Analyzer ; 00:02:00     ; 1.3                     ; 1835 MB             ; 00:02:24                           ;
; Analysis & Synthesis      ; 00:02:33     ; 1.2                     ; 1498 MB             ; 00:03:21                           ;
; Partition Merge           ; 00:00:24     ; 1.0                     ; 923 MB              ; 00:00:24                           ;
; Fitter                    ; 00:08:19     ; 1.1                     ; 3788 MB             ; 00:13:03                           ;
; Assembler                 ; 00:00:44     ; 1.0                     ; 921 MB              ; 00:00:31                           ;
; TimeQuest Timing Analyzer ; 00:03:41     ; 1.3                     ; 1830 MB             ; 00:03:12                           ;
; Analysis & Synthesis      ; 00:02:16     ; 1.2                     ; 1428 MB             ; 00:03:01                           ;
; Partition Merge           ; 00:00:31     ; 1.0                     ; 937 MB              ; 00:00:23                           ;
; Fitter                    ; 00:07:06     ; 1.1                     ; 3690 MB             ; 00:11:50                           ;
; Assembler                 ; 00:00:26     ; 1.0                     ; 905 MB              ; 00:00:25                           ;
; TimeQuest Timing Analyzer ; 00:01:39     ; 1.3                     ; 1817 MB             ; 00:02:05                           ;
; Analysis & Synthesis      ; 00:02:16     ; 1.0                     ; 1452 MB             ; 00:02:38                           ;
; Partition Merge           ; 00:00:21     ; 1.0                     ; 797 MB              ; 00:00:21                           ;
; Fitter                    ; 00:06:49     ; 1.1                     ; 3488 MB             ; 00:11:14                           ;
; Assembler                 ; 00:00:26     ; 1.0                     ; 885 MB              ; 00:00:25                           ;
; TimeQuest Timing Analyzer ; 00:02:04     ; 1.3                     ; 1780 MB             ; 00:02:12                           ;
; Analysis & Synthesis      ; 00:02:28     ; 1.2                     ; 1467 MB             ; 00:03:14                           ;
; Partition Merge           ; 00:00:23     ; 1.0                     ; 910 MB              ; 00:00:23                           ;
; Fitter                    ; 00:07:17     ; 1.1                     ; 3680 MB             ; 00:12:18                           ;
; Assembler                 ; 00:00:25     ; 1.0                     ; 906 MB              ; 00:00:24                           ;
; TimeQuest Timing Analyzer ; 00:02:11     ; 1.3                     ; 1821 MB             ; 00:02:26                           ;
; Analysis & Synthesis      ; 00:01:27     ; 1.0                     ; 1407 MB             ; 00:01:51                           ;
; Partition Merge           ; 00:00:29     ; 1.0                     ; 950 MB              ; 00:00:28                           ;
; Fitter                    ; 00:03:18     ; 1.2                     ; 3417 MB             ; 00:04:18                           ;
; Assembler                 ; 00:00:24     ; 1.0                     ; 895 MB              ; 00:00:24                           ;
; TimeQuest Timing Analyzer ; 00:02:05     ; 1.3                     ; 1813 MB             ; 00:02:24                           ;
; Analysis & Synthesis      ; 00:02:28     ; 1.2                     ; 1477 MB             ; 00:03:13                           ;
; Partition Merge           ; 00:00:24     ; 1.0                     ; 917 MB              ; 00:00:23                           ;
; Fitter                    ; 00:07:15     ; 1.1                     ; 3654 MB             ; 00:11:54                           ;
; Assembler                 ; 00:00:23     ; 1.0                     ; 897 MB              ; 00:00:22                           ;
; TimeQuest Timing Analyzer ; 00:02:00     ; 1.3                     ; 1818 MB             ; 00:02:19                           ;
; Analysis & Synthesis      ; 00:01:27     ; 1.0                     ; 1401 MB             ; 00:01:51                           ;
; Partition Merge           ; 00:00:31     ; 1.0                     ; 974 MB              ; 00:00:30                           ;
; Fitter                    ; 00:03:58     ; 1.2                     ; 3412 MB             ; 00:04:58                           ;
; Assembler                 ; 00:00:31     ; 1.0                     ; 896 MB              ; 00:00:28                           ;
; TimeQuest Timing Analyzer ; 00:02:11     ; 1.4                     ; 1803 MB             ; 00:02:23                           ;
; Analysis & Synthesis      ; 00:02:27     ; 1.2                     ; 1466 MB             ; 00:03:12                           ;
; Partition Merge           ; 00:00:23     ; 1.0                     ; 910 MB              ; 00:00:23                           ;
; Fitter                    ; 00:07:16     ; 1.1                     ; 3643 MB             ; 00:12:05                           ;
; Assembler                 ; 00:00:24     ; 1.0                     ; 902 MB              ; 00:00:23                           ;
; TimeQuest Timing Analyzer ; 00:01:37     ; 1.3                     ; 1821 MB             ; 00:02:03                           ;
; Analysis & Synthesis      ; 00:02:51     ; 1.2                     ; 1505 MB             ; 00:03:37                           ;
; Partition Merge           ; 00:00:22     ; 1.0                     ; 803 MB              ; 00:00:22                           ;
; Fitter                    ; 00:07:23     ; 1.1                     ; 3550 MB             ; 00:12:03                           ;
; Assembler                 ; 00:00:26     ; 1.0                     ; 916 MB              ; 00:00:26                           ;
; TimeQuest Timing Analyzer ; 00:01:44     ; 1.4                     ; 1849 MB             ; 00:02:16                           ;
; Analysis & Synthesis      ; 00:02:25     ; 1.2                     ; 1505 MB             ; 00:03:15                           ;
; Partition Merge           ; 00:00:25     ; 1.0                     ; 921 MB              ; 00:00:25                           ;
; Fitter                    ; 00:07:57     ; 1.1                     ; 3875 MB             ; 00:13:23                           ;
; Assembler                 ; 00:00:25     ; 1.0                     ; 918 MB              ; 00:00:25                           ;
; TimeQuest Timing Analyzer ; 00:01:45     ; 1.4                     ; 1847 MB             ; 00:02:15                           ;
; Analysis & Synthesis      ; 00:02:29     ; 1.2                     ; 1481 MB             ; 00:03:13                           ;
; Partition Merge           ; 00:00:25     ; 1.0                     ; 913 MB              ; 00:00:25                           ;
; Fitter                    ; 00:08:04     ; 1.1                     ; 3757 MB             ; 00:13:24                           ;
; Assembler                 ; 00:00:27     ; 1.0                     ; 909 MB              ; 00:00:26                           ;
; TimeQuest Timing Analyzer ; 00:01:50     ; 1.3                     ; 1822 MB             ; 00:02:17                           ;
; Analysis & Synthesis      ; 00:03:27     ; 1.2                     ; 1467 MB             ; 00:04:04                           ;
; Partition Merge           ; 00:00:25     ; 1.0                     ; 910 MB              ; 00:00:23                           ;
; Fitter                    ; 00:08:14     ; 1.1                     ; 3754 MB             ; 00:13:35                           ;
; Assembler                 ; 00:00:37     ; 1.0                     ; 915 MB              ; 00:00:28                           ;
; TimeQuest Timing Analyzer ; 00:01:47     ; 1.3                     ; 1824 MB             ; 00:02:13                           ;
; Analysis & Synthesis      ; 00:02:18     ; 1.2                     ; 1410 MB             ; 00:03:06                           ;
; Partition Merge           ; 00:00:22     ; 1.0                     ; 797 MB              ; 00:00:22                           ;
; Fitter                    ; 00:09:57     ; 1.1                     ; 3986 MB             ; 00:16:18                           ;
; Assembler                 ; 00:00:28     ; 1.0                     ; 921 MB              ; 00:00:28                           ;
; TimeQuest Timing Analyzer ; 00:02:02     ; 1.3                     ; 2080 MB             ; 00:02:34                           ;
; Analysis & Synthesis      ; 00:03:16     ; 1.2                     ; 1523 MB             ; 00:03:47                           ;
; Partition Merge           ; 00:00:27     ; 1.0                     ; 931 MB              ; 00:00:26                           ;
; Fitter                    ; 00:10:23     ; 1.1                     ; 4179 MB             ; 00:16:53                           ;
; Assembler                 ; 00:00:32     ; 1.0                     ; 945 MB              ; 00:00:29                           ;
; TimeQuest Timing Analyzer ; 00:02:08     ; 1.4                     ; 2108 MB             ; 00:02:46                           ;
; Analysis & Synthesis      ; 00:02:32     ; 1.2                     ; 1525 MB             ; 00:03:22                           ;
; Partition Merge           ; 00:00:26     ; 1.0                     ; 927 MB              ; 00:00:26                           ;
; Fitter                    ; 00:12:14     ; 1.1                     ; 4170 MB             ; 00:22:40                           ;
; Assembler                 ; 00:00:31     ; 1.0                     ; 948 MB              ; 00:00:28                           ;
; TimeQuest Timing Analyzer ; 00:02:19     ; 1.4                     ; 2117 MB             ; 00:02:50                           ;
; Analysis & Synthesis      ; 00:02:33     ; 1.2                     ; 1522 MB             ; 00:03:25                           ;
; Partition Merge           ; 00:00:26     ; 1.0                     ; 932 MB              ; 00:00:25                           ;
; Fitter                    ; 00:02:26     ; 1.0                     ; 2875 MB             ; 00:02:41                           ;
; Analysis & Synthesis      ; 00:02:33     ; 1.2                     ; 1526 MB             ; 00:03:24                           ;
; Partition Merge           ; 00:00:26     ; 1.0                     ; 929 MB              ; 00:00:26                           ;
; Fitter                    ; 00:12:59     ; 1.1                     ; 4224 MB             ; 00:23:04                           ;
; Assembler                 ; 00:00:29     ; 1.0                     ; 938 MB              ; 00:00:28                           ;
; TimeQuest Timing Analyzer ; 00:02:13     ; 1.4                     ; 2118 MB             ; 00:02:57                           ;
; Analysis & Synthesis      ; 00:01:29     ; 1.0                     ; 1463 MB             ; 00:01:54                           ;
; Partition Merge           ; 00:00:33     ; 1.0                     ; 1018 MB             ; 00:00:32                           ;
; Analysis & Synthesis      ; 00:01:28     ; 1.0                     ; 1456 MB             ; 00:01:55                           ;
; Partition Merge           ; 00:00:31     ; 1.0                     ; 1025 MB             ; 00:00:31                           ;
; Fitter                    ; 00:04:12     ; 1.3                     ; 3911 MB             ; 00:05:48                           ;
; Assembler                 ; 00:00:27     ; 1.0                     ; 936 MB              ; 00:00:28                           ;
; TimeQuest Timing Analyzer ; 00:02:26     ; 1.4                     ; 2110 MB             ; 00:03:00                           ;
; Analysis & Synthesis      ; 00:01:56     ; 1.0                     ; 1398 MB             ; 00:02:20                           ;
; Partition Merge           ; 00:00:23     ; 1.0                     ; 794 MB              ; 00:00:23                           ;
; Fitter                    ; 00:09:19     ; 1.1                     ; 3777 MB             ; 00:17:22                           ;
; Assembler                 ; 00:00:26     ; 1.0                     ; 903 MB              ; 00:00:26                           ;
; TimeQuest Timing Analyzer ; 00:01:44     ; 1.3                     ; 1944 MB             ; 00:02:14                           ;
; Analysis & Synthesis      ; 00:02:07     ; 1.0                     ; 1430 MB             ; 00:02:30                           ;
; Analysis & Synthesis      ; 00:01:24     ; 1.0                     ; 1340 MB             ; 00:01:46                           ;
; Partition Merge           ; 00:00:20     ; 1.0                     ; 783 MB              ; 00:00:20                           ;
; Fitter                    ; 00:06:02     ; 1.1                     ; 3467 MB             ; 00:09:50                           ;
; Assembler                 ; 00:00:23     ; 1.0                     ; 869 MB              ; 00:00:22                           ;
; TimeQuest Timing Analyzer ; 00:01:51     ; 1.3                     ; 1758 MB             ; 00:02:02                           ;
; Analysis & Synthesis      ; 00:02:06     ; 1.0                     ; 1419 MB             ; 00:02:27                           ;
; Partition Merge           ; 00:00:22     ; 1.0                     ; 785 MB              ; 00:00:23                           ;
; Fitter                    ; 00:02:03     ; 1.0                     ; 2487 MB             ; 00:02:17                           ;
; Analysis & Synthesis      ; 00:01:53     ; 1.0                     ; 1437 MB             ; 00:02:18                           ;
; Partition Merge           ; 00:00:21     ; 1.0                     ; 782 MB              ; 00:00:21                           ;
; Fitter                    ; 00:09:26     ; 1.1                     ; 3754 MB             ; 00:16:03                           ;
; Assembler                 ; 00:00:25     ; 1.0                     ; 905 MB              ; 00:00:24                           ;
; TimeQuest Timing Analyzer ; 00:01:45     ; 1.3                     ; 1944 MB             ; 00:02:16                           ;
; Analysis & Synthesis      ; 00:01:27     ; 1.0                     ; 1387 MB             ; 00:01:45                           ;
; Partition Merge           ; 00:00:30     ; 1.0                     ; 964 MB              ; 00:00:27                           ;
; Fitter                    ; 00:03:27     ; 1.2                     ; 3637 MB             ; 00:04:34                           ;
; Assembler                 ; 00:00:27     ; 1.0                     ; 905 MB              ; 00:00:26                           ;
; TimeQuest Timing Analyzer ; 00:01:44     ; 1.3                     ; 1936 MB             ; 00:02:13                           ;
; Analysis & Synthesis      ; 00:03:08     ; 1.2                     ; 1526 MB             ; 00:03:54                           ;
; Partition Merge           ; 00:00:39     ; 1.0                     ; 808 MB              ; 00:00:35                           ;
; Fitter                    ; 00:02:37     ; 1.0                     ; 2497 MB             ; 00:02:48                           ;
; Analysis & Synthesis      ; 00:03:03     ; 1.2                     ; 1563 MB             ; 00:03:51                           ;
; Partition Merge           ; 00:00:29     ; 1.0                     ; 784 MB              ; 00:00:29                           ;
; Fitter                    ; 00:02:35     ; 1.0                     ; 2489 MB             ; 00:02:48                           ;
; Analysis & Synthesis      ; 00:04:31     ; 1.2                     ; 1556 MB             ; 00:05:23                           ;
; Partition Merge           ; 00:00:28     ; 1.0                     ; 783 MB              ; 00:00:28                           ;
; Fitter                    ; 00:09:57     ; 1.1                     ; 3772 MB             ; 00:17:18                           ;
; Assembler                 ; 00:00:32     ; 1.0                     ; 944 MB              ; 00:00:29                           ;
; TimeQuest Timing Analyzer ; 00:02:03     ; 1.4                     ; 2023 MB             ; 00:02:41                           ;
; Analysis & Synthesis      ; 00:03:29     ; 1.2                     ; 1565 MB             ; 00:04:07                           ;
; Partition Merge           ; 00:00:33     ; 1.0                     ; 946 MB              ; 00:00:33                           ;
; Fitter                    ; 00:03:21     ; 1.0                     ; 2898 MB             ; 00:03:14                           ;
; Analysis & Synthesis      ; 00:03:04     ; 1.2                     ; 1576 MB             ; 00:03:57                           ;
; Partition Merge           ; 00:00:40     ; 1.0                     ; 950 MB              ; 00:00:38                           ;
; Analysis & Synthesis      ; 00:03:27     ; 1.2                     ; 1551 MB             ; 00:04:18                           ;
; Partition Merge           ; 00:00:35     ; 1.0                     ; 944 MB              ; 00:00:34                           ;
; Fitter                    ; 00:10:51     ; 1.1                     ; 3877 MB             ; 00:17:41                           ;
; Assembler                 ; 00:00:31     ; 1.0                     ; 951 MB              ; 00:00:30                           ;
; TimeQuest Timing Analyzer ; 00:02:23     ; 1.4                     ; 2017 MB             ; 00:03:00                           ;
; Analysis & Synthesis      ; 00:05:39     ; 1.1                     ; 1566 MB             ; 00:05:12                           ;
; Partition Merge           ; 00:00:42     ; 1.0                     ; 947 MB              ; 00:00:35                           ;
; Fitter                    ; 00:03:10     ; 1.0                     ; 2895 MB             ; 00:03:12                           ;
; Analysis & Synthesis      ; 00:04:20     ; 1.1                     ; 1584 MB             ; 00:05:12                           ;
; Partition Merge           ; 00:00:29     ; 1.0                     ; 926 MB              ; 00:00:29                           ;
; Fitter                    ; 00:09:32     ; 1.1                     ; 3870 MB             ; 00:16:29                           ;
; Assembler                 ; 00:00:31     ; 1.0                     ; 941 MB              ; 00:00:29                           ;
; TimeQuest Timing Analyzer ; 00:02:05     ; 1.4                     ; 2015 MB             ; 00:02:39                           ;
; Analysis & Synthesis      ; 00:03:16     ; 1.1                     ; 1519 MB             ; 00:04:03                           ;
; Partition Merge           ; 00:00:30     ; 1.0                     ; 926 MB              ; 00:00:30                           ;
; Fitter                    ; 00:08:58     ; 1.1                     ; 3397 MB             ; 00:15:16                           ;
; Assembler                 ; 00:00:33     ; 1.0                     ; 941 MB              ; 00:00:30                           ;
; TimeQuest Timing Analyzer ; 00:02:13     ; 1.4                     ; 1783 MB             ; 00:02:48                           ;
; Analysis & Synthesis      ; 00:03:32     ; 1.2                     ; 1554 MB             ; 00:04:10                           ;
; Partition Merge           ; 00:00:43     ; 1.0                     ; 948 MB              ; 00:00:41                           ;
; Fitter                    ; 00:12:21     ; 1.1                     ; 3409 MB             ; 00:17:35                           ;
; Assembler                 ; 00:00:44     ; 1.0                     ; 939 MB              ; 00:00:36                           ;
; TimeQuest Timing Analyzer ; 00:02:26     ; 1.4                     ; 1779 MB             ; 00:03:05                           ;
; Total                     ; 09:25:59     ; --                      ; --                  ; 13:27:14                           ;
+---------------------------+--------------+-------------------------+---------------------+------------------------------------+


+------------------------------------------------------------------------------------------+
; Flow OS Summary                                                                          ;
+---------------------------+------------------+-------------+------------+----------------+
; Module Name               ; Machine Hostname ; OS Name     ; OS Version ; Processor type ;
+---------------------------+------------------+-------------+------------+----------------+
; Analysis & Synthesis      ; Tung             ; Windows 8.1 ; 6.3        ; x86_64         ;
; Partition Merge           ; Tung             ; Windows 8.1 ; 6.3        ; x86_64         ;
; Fitter                    ; Tung             ; Windows 8.1 ; 6.3        ; x86_64         ;
; Assembler                 ; Tung             ; Windows 8.1 ; 6.3        ; x86_64         ;
; TimeQuest Timing Analyzer ; Tung             ; Windows 8.1 ; 6.3        ; x86_64         ;
; Analysis & Synthesis      ; Tung             ; Windows 8.1 ; 6.3        ; x86_64         ;
; Partition Merge           ; Tung             ; Windows 8.1 ; 6.3        ; x86_64         ;
; Fitter                    ; Tung             ; Windows 8.1 ; 6.3        ; x86_64         ;
; Assembler                 ; Tung             ; Windows 8.1 ; 6.3        ; x86_64         ;
; TimeQuest Timing Analyzer ; Tung             ; Windows 8.1 ; 6.3        ; x86_64         ;
; Analysis & Synthesis      ; Tung             ; Windows 8.1 ; 6.3        ; x86_64         ;
; Partition Merge           ; Tung             ; Windows 8.1 ; 6.3        ; x86_64         ;
; Fitter                    ; Tung             ; Windows 8.1 ; 6.3        ; x86_64         ;
; Assembler                 ; Tung             ; Windows 8.1 ; 6.3        ; x86_64         ;
; TimeQuest Timing Analyzer ; Tung             ; Windows 8.1 ; 6.3        ; x86_64         ;
; Analysis & Synthesis      ; Tung             ; Windows 8.1 ; 6.3        ; x86_64         ;
; Partition Merge           ; Tung             ; Windows 8.1 ; 6.3        ; x86_64         ;
; Fitter                    ; Tung             ; Windows 8.1 ; 6.3        ; x86_64         ;
; Assembler                 ; Tung             ; Windows 8.1 ; 6.3        ; x86_64         ;
; TimeQuest Timing Analyzer ; Tung             ; Windows 8.1 ; 6.3        ; x86_64         ;
; Analysis & Synthesis      ; Tung             ; Windows 8.1 ; 6.3        ; x86_64         ;
; Partition Merge           ; Tung             ; Windows 8.1 ; 6.3        ; x86_64         ;
; Fitter                    ; Tung             ; Windows 8.1 ; 6.3        ; x86_64         ;
; Assembler                 ; Tung             ; Windows 8.1 ; 6.3        ; x86_64         ;
; TimeQuest Timing Analyzer ; Tung             ; Windows 8.1 ; 6.3        ; x86_64         ;
; Analysis & Synthesis      ; Tung             ; Windows 8.1 ; 6.3        ; x86_64         ;
; Partition Merge           ; Tung             ; Windows 8.1 ; 6.3        ; x86_64         ;
; Fitter                    ; Tung             ; Windows 8.1 ; 6.3        ; x86_64         ;
; Assembler                 ; Tung             ; Windows 8.1 ; 6.3        ; x86_64         ;
; TimeQuest Timing Analyzer ; Tung             ; Windows 8.1 ; 6.3        ; x86_64         ;
; Analysis & Synthesis      ; Tung             ; Windows 8.1 ; 6.3        ; x86_64         ;
; Partition Merge           ; Tung             ; Windows 8.1 ; 6.3        ; x86_64         ;
; Fitter                    ; Tung             ; Windows 8.1 ; 6.3        ; x86_64         ;
; Assembler                 ; Tung             ; Windows 8.1 ; 6.3        ; x86_64         ;
; TimeQuest Timing Analyzer ; Tung             ; Windows 8.1 ; 6.3        ; x86_64         ;
; Analysis & Synthesis      ; Tung             ; Windows 8.1 ; 6.3        ; x86_64         ;
; Analysis & Synthesis      ; Tung             ; Windows 8.1 ; 6.3        ; x86_64         ;
; Partition Merge           ; Tung             ; Windows 8.1 ; 6.3        ; x86_64         ;
; Fitter                    ; Tung             ; Windows 8.1 ; 6.3        ; x86_64         ;
; Assembler                 ; Tung             ; Windows 8.1 ; 6.3        ; x86_64         ;
; TimeQuest Timing Analyzer ; Tung             ; Windows 8.1 ; 6.3        ; x86_64         ;
; Analysis & Synthesis      ; Tung             ; Windows 8.1 ; 6.3        ; x86_64         ;
; Partition Merge           ; Tung             ; Windows 8.1 ; 6.3        ; x86_64         ;
; Fitter                    ; Tung             ; Windows 8.1 ; 6.3        ; x86_64         ;
; Assembler                 ; Tung             ; Windows 8.1 ; 6.3        ; x86_64         ;
; TimeQuest Timing Analyzer ; Tung             ; Windows 8.1 ; 6.3        ; x86_64         ;
; Analysis & Synthesis      ; Tung             ; Windows 8.1 ; 6.3        ; x86_64         ;
; Partition Merge           ; Tung             ; Windows 8.1 ; 6.3        ; x86_64         ;
; Fitter                    ; Tung             ; Windows 8.1 ; 6.3        ; x86_64         ;
; Assembler                 ; Tung             ; Windows 8.1 ; 6.3        ; x86_64         ;
; Analysis & Synthesis      ; Tung             ; Windows 8.1 ; 6.3        ; x86_64         ;
; Partition Merge           ; Tung             ; Windows 8.1 ; 6.3        ; x86_64         ;
; Fitter                    ; Tung             ; Windows 8.1 ; 6.3        ; x86_64         ;
; Assembler                 ; Tung             ; Windows 8.1 ; 6.3        ; x86_64         ;
; TimeQuest Timing Analyzer ; Tung             ; Windows 8.1 ; 6.3        ; x86_64         ;
; Analysis & Synthesis      ; Tung             ; Windows 8.1 ; 6.3        ; x86_64         ;
; Partition Merge           ; Tung             ; Windows 8.1 ; 6.3        ; x86_64         ;
; Fitter                    ; Tung             ; Windows 8.1 ; 6.3        ; x86_64         ;
; Assembler                 ; Tung             ; Windows 8.1 ; 6.3        ; x86_64         ;
; TimeQuest Timing Analyzer ; Tung             ; Windows 8.1 ; 6.3        ; x86_64         ;
; Analysis & Synthesis      ; Tung             ; Windows 8.1 ; 6.3        ; x86_64         ;
; Partition Merge           ; Tung             ; Windows 8.1 ; 6.3        ; x86_64         ;
; Fitter                    ; Tung             ; Windows 8.1 ; 6.3        ; x86_64         ;
; Assembler                 ; Tung             ; Windows 8.1 ; 6.3        ; x86_64         ;
; TimeQuest Timing Analyzer ; Tung             ; Windows 8.1 ; 6.3        ; x86_64         ;
; Analysis & Synthesis      ; Tung             ; Windows 8.1 ; 6.3        ; x86_64         ;
; Partition Merge           ; Tung             ; Windows 8.1 ; 6.3        ; x86_64         ;
; Fitter                    ; Tung             ; Windows 8.1 ; 6.3        ; x86_64         ;
; Assembler                 ; Tung             ; Windows 8.1 ; 6.3        ; x86_64         ;
; TimeQuest Timing Analyzer ; Tung             ; Windows 8.1 ; 6.3        ; x86_64         ;
; Analysis & Synthesis      ; Tung             ; Windows 8.1 ; 6.3        ; x86_64         ;
; Partition Merge           ; Tung             ; Windows 8.1 ; 6.3        ; x86_64         ;
; Fitter                    ; Tung             ; Windows 8.1 ; 6.3        ; x86_64         ;
; Assembler                 ; Tung             ; Windows 8.1 ; 6.3        ; x86_64         ;
; TimeQuest Timing Analyzer ; Tung             ; Windows 8.1 ; 6.3        ; x86_64         ;
; Analysis & Synthesis      ; Tung             ; Windows 8.1 ; 6.3        ; x86_64         ;
; Partition Merge           ; Tung             ; Windows 8.1 ; 6.3        ; x86_64         ;
; Fitter                    ; Tung             ; Windows 8.1 ; 6.3        ; x86_64         ;
; Assembler                 ; Tung             ; Windows 8.1 ; 6.3        ; x86_64         ;
; TimeQuest Timing Analyzer ; Tung             ; Windows 8.1 ; 6.3        ; x86_64         ;
; Analysis & Synthesis      ; Tung             ; Windows 8.1 ; 6.3        ; x86_64         ;
; Analysis & Synthesis      ; Tung             ; Windows 8.1 ; 6.3        ; x86_64         ;
; Partition Merge           ; Tung             ; Windows 8.1 ; 6.3        ; x86_64         ;
; Fitter                    ; Tung             ; Windows 8.1 ; 6.3        ; x86_64         ;
; Assembler                 ; Tung             ; Windows 8.1 ; 6.3        ; x86_64         ;
; TimeQuest Timing Analyzer ; Tung             ; Windows 8.1 ; 6.3        ; x86_64         ;
; Analysis & Synthesis      ; Tung             ; Windows 8.1 ; 6.3        ; x86_64         ;
; Partition Merge           ; Tung             ; Windows 8.1 ; 6.3        ; x86_64         ;
; Fitter                    ; Tung             ; Windows 8.1 ; 6.3        ; x86_64         ;
; Assembler                 ; Tung             ; Windows 8.1 ; 6.3        ; x86_64         ;
; TimeQuest Timing Analyzer ; Tung             ; Windows 8.1 ; 6.3        ; x86_64         ;
; Analysis & Synthesis      ; Tung             ; Windows 8.1 ; 6.3        ; x86_64         ;
; Partition Merge           ; Tung             ; Windows 8.1 ; 6.3        ; x86_64         ;
; Fitter                    ; Tung             ; Windows 8.1 ; 6.3        ; x86_64         ;
; Assembler                 ; Tung             ; Windows 8.1 ; 6.3        ; x86_64         ;
; TimeQuest Timing Analyzer ; Tung             ; Windows 8.1 ; 6.3        ; x86_64         ;
; Analysis & Synthesis      ; Tung             ; Windows 8.1 ; 6.3        ; x86_64         ;
; Partition Merge           ; Tung             ; Windows 8.1 ; 6.3        ; x86_64         ;
; Fitter                    ; Tung             ; Windows 8.1 ; 6.3        ; x86_64         ;
; Assembler                 ; Tung             ; Windows 8.1 ; 6.3        ; x86_64         ;
; TimeQuest Timing Analyzer ; Tung             ; Windows 8.1 ; 6.3        ; x86_64         ;
; Analysis & Synthesis      ; Tung             ; Windows 8.1 ; 6.3        ; x86_64         ;
; Partition Merge           ; Tung             ; Windows 8.1 ; 6.3        ; x86_64         ;
; Fitter                    ; Tung             ; Windows 8.1 ; 6.3        ; x86_64         ;
; Assembler                 ; Tung             ; Windows 8.1 ; 6.3        ; x86_64         ;
; TimeQuest Timing Analyzer ; Tung             ; Windows 8.1 ; 6.3        ; x86_64         ;
; Analysis & Synthesis      ; Tung             ; Windows 8.1 ; 6.3        ; x86_64         ;
; Partition Merge           ; Tung             ; Windows 8.1 ; 6.3        ; x86_64         ;
; Fitter                    ; Tung             ; Windows 8.1 ; 6.3        ; x86_64         ;
; Assembler                 ; Tung             ; Windows 8.1 ; 6.3        ; x86_64         ;
; TimeQuest Timing Analyzer ; Tung             ; Windows 8.1 ; 6.3        ; x86_64         ;
; Analysis & Synthesis      ; Tung             ; Windows 8.1 ; 6.3        ; x86_64         ;
; Partition Merge           ; Tung             ; Windows 8.1 ; 6.3        ; x86_64         ;
; Fitter                    ; Tung             ; Windows 8.1 ; 6.3        ; x86_64         ;
; Assembler                 ; Tung             ; Windows 8.1 ; 6.3        ; x86_64         ;
; TimeQuest Timing Analyzer ; Tung             ; Windows 8.1 ; 6.3        ; x86_64         ;
; Analysis & Synthesis      ; Tung             ; Windows 8.1 ; 6.3        ; x86_64         ;
; Partition Merge           ; Tung             ; Windows 8.1 ; 6.3        ; x86_64         ;
; Fitter                    ; Tung             ; Windows 8.1 ; 6.3        ; x86_64         ;
; Assembler                 ; Tung             ; Windows 8.1 ; 6.3        ; x86_64         ;
; TimeQuest Timing Analyzer ; Tung             ; Windows 8.1 ; 6.3        ; x86_64         ;
; Analysis & Synthesis      ; Tung             ; Windows 8.1 ; 6.3        ; x86_64         ;
; Partition Merge           ; Tung             ; Windows 8.1 ; 6.3        ; x86_64         ;
; Fitter                    ; Tung             ; Windows 8.1 ; 6.3        ; x86_64         ;
; Assembler                 ; Tung             ; Windows 8.1 ; 6.3        ; x86_64         ;
; TimeQuest Timing Analyzer ; Tung             ; Windows 8.1 ; 6.3        ; x86_64         ;
; Analysis & Synthesis      ; Tung             ; Windows 8.1 ; 6.3        ; x86_64         ;
; Partition Merge           ; Tung             ; Windows 8.1 ; 6.3        ; x86_64         ;
; Fitter                    ; Tung             ; Windows 8.1 ; 6.3        ; x86_64         ;
; Assembler                 ; Tung             ; Windows 8.1 ; 6.3        ; x86_64         ;
; TimeQuest Timing Analyzer ; Tung             ; Windows 8.1 ; 6.3        ; x86_64         ;
; Analysis & Synthesis      ; Tung             ; Windows 8.1 ; 6.3        ; x86_64         ;
; Partition Merge           ; Tung             ; Windows 8.1 ; 6.3        ; x86_64         ;
; Fitter                    ; Tung             ; Windows 8.1 ; 6.3        ; x86_64         ;
; Assembler                 ; Tung             ; Windows 8.1 ; 6.3        ; x86_64         ;
; TimeQuest Timing Analyzer ; Tung             ; Windows 8.1 ; 6.3        ; x86_64         ;
; Analysis & Synthesis      ; Tung             ; Windows 8.1 ; 6.3        ; x86_64         ;
; Partition Merge           ; Tung             ; Windows 8.1 ; 6.3        ; x86_64         ;
; Fitter                    ; Tung             ; Windows 8.1 ; 6.3        ; x86_64         ;
; Assembler                 ; Tung             ; Windows 8.1 ; 6.3        ; x86_64         ;
; TimeQuest Timing Analyzer ; Tung             ; Windows 8.1 ; 6.3        ; x86_64         ;
; Analysis & Synthesis      ; Tung             ; Windows 8.1 ; 6.3        ; x86_64         ;
; Partition Merge           ; Tung             ; Windows 8.1 ; 6.3        ; x86_64         ;
; Fitter                    ; Tung             ; Windows 8.1 ; 6.3        ; x86_64         ;
; Assembler                 ; Tung             ; Windows 8.1 ; 6.3        ; x86_64         ;
; TimeQuest Timing Analyzer ; Tung             ; Windows 8.1 ; 6.3        ; x86_64         ;
; Analysis & Synthesis      ; Tung             ; Windows 8.1 ; 6.3        ; x86_64         ;
; Partition Merge           ; Tung             ; Windows 8.1 ; 6.3        ; x86_64         ;
; Fitter                    ; Tung             ; Windows 8.1 ; 6.3        ; x86_64         ;
; Assembler                 ; Tung             ; Windows 8.1 ; 6.3        ; x86_64         ;
; TimeQuest Timing Analyzer ; Tung             ; Windows 8.1 ; 6.3        ; x86_64         ;
; Analysis & Synthesis      ; Tung             ; Windows 8.1 ; 6.3        ; x86_64         ;
; Partition Merge           ; Tung             ; Windows 8.1 ; 6.3        ; x86_64         ;
; Fitter                    ; Tung             ; Windows 8.1 ; 6.3        ; x86_64         ;
; Assembler                 ; Tung             ; Windows 8.1 ; 6.3        ; x86_64         ;
; TimeQuest Timing Analyzer ; Tung             ; Windows 8.1 ; 6.3        ; x86_64         ;
; Analysis & Synthesis      ; Tung             ; Windows 8.1 ; 6.3        ; x86_64         ;
; Partition Merge           ; Tung             ; Windows 8.1 ; 6.3        ; x86_64         ;
; Fitter                    ; Tung             ; Windows 8.1 ; 6.3        ; x86_64         ;
; Assembler                 ; Tung             ; Windows 8.1 ; 6.3        ; x86_64         ;
; TimeQuest Timing Analyzer ; Tung             ; Windows 8.1 ; 6.3        ; x86_64         ;
; Analysis & Synthesis      ; Tung             ; Windows 8.1 ; 6.3        ; x86_64         ;
; Partition Merge           ; Tung             ; Windows 8.1 ; 6.3        ; x86_64         ;
; Fitter                    ; Tung             ; Windows 8.1 ; 6.3        ; x86_64         ;
; Analysis & Synthesis      ; Tung             ; Windows 8.1 ; 6.3        ; x86_64         ;
; Partition Merge           ; Tung             ; Windows 8.1 ; 6.3        ; x86_64         ;
; Fitter                    ; Tung             ; Windows 8.1 ; 6.3        ; x86_64         ;
; Assembler                 ; Tung             ; Windows 8.1 ; 6.3        ; x86_64         ;
; TimeQuest Timing Analyzer ; Tung             ; Windows 8.1 ; 6.3        ; x86_64         ;
; Analysis & Synthesis      ; Tung             ; Windows 8.1 ; 6.3        ; x86_64         ;
; Partition Merge           ; Tung             ; Windows 8.1 ; 6.3        ; x86_64         ;
; Analysis & Synthesis      ; Tung             ; Windows 8.1 ; 6.3        ; x86_64         ;
; Partition Merge           ; Tung             ; Windows 8.1 ; 6.3        ; x86_64         ;
; Fitter                    ; Tung             ; Windows 8.1 ; 6.3        ; x86_64         ;
; Assembler                 ; Tung             ; Windows 8.1 ; 6.3        ; x86_64         ;
; TimeQuest Timing Analyzer ; Tung             ; Windows 8.1 ; 6.3        ; x86_64         ;
; Analysis & Synthesis      ; Tung             ; Windows 8.1 ; 6.3        ; x86_64         ;
; Partition Merge           ; Tung             ; Windows 8.1 ; 6.3        ; x86_64         ;
; Fitter                    ; Tung             ; Windows 8.1 ; 6.3        ; x86_64         ;
; Assembler                 ; Tung             ; Windows 8.1 ; 6.3        ; x86_64         ;
; TimeQuest Timing Analyzer ; Tung             ; Windows 8.1 ; 6.3        ; x86_64         ;
; Analysis & Synthesis      ; Tung             ; Windows 8.1 ; 6.3        ; x86_64         ;
; Analysis & Synthesis      ; Tung             ; Windows 8.1 ; 6.3        ; x86_64         ;
; Partition Merge           ; Tung             ; Windows 8.1 ; 6.3        ; x86_64         ;
; Fitter                    ; Tung             ; Windows 8.1 ; 6.3        ; x86_64         ;
; Assembler                 ; Tung             ; Windows 8.1 ; 6.3        ; x86_64         ;
; TimeQuest Timing Analyzer ; Tung             ; Windows 8.1 ; 6.3        ; x86_64         ;
; Analysis & Synthesis      ; Tung             ; Windows 8.1 ; 6.3        ; x86_64         ;
; Partition Merge           ; Tung             ; Windows 8.1 ; 6.3        ; x86_64         ;
; Fitter                    ; Tung             ; Windows 8.1 ; 6.3        ; x86_64         ;
; Analysis & Synthesis      ; Tung             ; Windows 8.1 ; 6.3        ; x86_64         ;
; Partition Merge           ; Tung             ; Windows 8.1 ; 6.3        ; x86_64         ;
; Fitter                    ; Tung             ; Windows 8.1 ; 6.3        ; x86_64         ;
; Assembler                 ; Tung             ; Windows 8.1 ; 6.3        ; x86_64         ;
; TimeQuest Timing Analyzer ; Tung             ; Windows 8.1 ; 6.3        ; x86_64         ;
; Analysis & Synthesis      ; Tung             ; Windows 8.1 ; 6.3        ; x86_64         ;
; Partition Merge           ; Tung             ; Windows 8.1 ; 6.3        ; x86_64         ;
; Fitter                    ; Tung             ; Windows 8.1 ; 6.3        ; x86_64         ;
; Assembler                 ; Tung             ; Windows 8.1 ; 6.3        ; x86_64         ;
; TimeQuest Timing Analyzer ; Tung             ; Windows 8.1 ; 6.3        ; x86_64         ;
; Analysis & Synthesis      ; Tung             ; Windows 8.1 ; 6.3        ; x86_64         ;
; Partition Merge           ; Tung             ; Windows 8.1 ; 6.3        ; x86_64         ;
; Fitter                    ; Tung             ; Windows 8.1 ; 6.3        ; x86_64         ;
; Analysis & Synthesis      ; Tung             ; Windows 8.1 ; 6.3        ; x86_64         ;
; Partition Merge           ; Tung             ; Windows 8.1 ; 6.3        ; x86_64         ;
; Fitter                    ; Tung             ; Windows 8.1 ; 6.3        ; x86_64         ;
; Analysis & Synthesis      ; Tung             ; Windows 8.1 ; 6.3        ; x86_64         ;
; Partition Merge           ; Tung             ; Windows 8.1 ; 6.3        ; x86_64         ;
; Fitter                    ; Tung             ; Windows 8.1 ; 6.3        ; x86_64         ;
; Assembler                 ; Tung             ; Windows 8.1 ; 6.3        ; x86_64         ;
; TimeQuest Timing Analyzer ; Tung             ; Windows 8.1 ; 6.3        ; x86_64         ;
; Analysis & Synthesis      ; Tung             ; Windows 8.1 ; 6.3        ; x86_64         ;
; Partition Merge           ; Tung             ; Windows 8.1 ; 6.3        ; x86_64         ;
; Fitter                    ; Tung             ; Windows 8.1 ; 6.3        ; x86_64         ;
; Analysis & Synthesis      ; Tung             ; Windows 8.1 ; 6.3        ; x86_64         ;
; Partition Merge           ; Tung             ; Windows 8.1 ; 6.3        ; x86_64         ;
; Analysis & Synthesis      ; Tung             ; Windows 8.1 ; 6.3        ; x86_64         ;
; Partition Merge           ; Tung             ; Windows 8.1 ; 6.3        ; x86_64         ;
; Fitter                    ; Tung             ; Windows 8.1 ; 6.3        ; x86_64         ;
; Assembler                 ; Tung             ; Windows 8.1 ; 6.3        ; x86_64         ;
; TimeQuest Timing Analyzer ; Tung             ; Windows 8.1 ; 6.3        ; x86_64         ;
; Analysis & Synthesis      ; Tung             ; Windows 8.1 ; 6.3        ; x86_64         ;
; Partition Merge           ; Tung             ; Windows 8.1 ; 6.3        ; x86_64         ;
; Fitter                    ; Tung             ; Windows 8.1 ; 6.3        ; x86_64         ;
; Analysis & Synthesis      ; Tung             ; Windows 8.1 ; 6.3        ; x86_64         ;
; Partition Merge           ; Tung             ; Windows 8.1 ; 6.3        ; x86_64         ;
; Fitter                    ; Tung             ; Windows 8.1 ; 6.3        ; x86_64         ;
; Assembler                 ; Tung             ; Windows 8.1 ; 6.3        ; x86_64         ;
; TimeQuest Timing Analyzer ; Tung             ; Windows 8.1 ; 6.3        ; x86_64         ;
; Analysis & Synthesis      ; Tung             ; Windows 8.1 ; 6.3        ; x86_64         ;
; Partition Merge           ; Tung             ; Windows 8.1 ; 6.3        ; x86_64         ;
; Fitter                    ; Tung             ; Windows 8.1 ; 6.3        ; x86_64         ;
; Assembler                 ; Tung             ; Windows 8.1 ; 6.3        ; x86_64         ;
; TimeQuest Timing Analyzer ; Tung             ; Windows 8.1 ; 6.3        ; x86_64         ;
; Analysis & Synthesis      ; Tung             ; Windows 8.1 ; 6.3        ; x86_64         ;
; Partition Merge           ; Tung             ; Windows 8.1 ; 6.3        ; x86_64         ;
; Fitter                    ; Tung             ; Windows 8.1 ; 6.3        ; x86_64         ;
; Assembler                 ; Tung             ; Windows 8.1 ; 6.3        ; x86_64         ;
; TimeQuest Timing Analyzer ; Tung             ; Windows 8.1 ; 6.3        ; x86_64         ;
+---------------------------+------------------+-------------+------------+----------------+


------------
; Flow Log ;
------------
quartus_map --read_settings_files=on --write_settings_files=off DE1_SoC_Computer -c DE1_SoC_Computer
quartus_cdb --read_settings_files=off --write_settings_files=off DE1_SoC_Computer -c DE1_SoC_Computer --merge=on
quartus_fit --read_settings_files=off --write_settings_files=off DE1_SoC_Computer -c DE1_SoC_Computer
quartus_asm --read_settings_files=off --write_settings_files=off DE1_SoC_Computer -c DE1_SoC_Computer
quartus_sta DE1_SoC_Computer -c DE1_SoC_Computer
quartus_map --read_settings_files=on --write_settings_files=off DE1_SoC_Computer -c DE1_SoC_Computer
quartus_cdb --read_settings_files=off --write_settings_files=off DE1_SoC_Computer -c DE1_SoC_Computer --merge=on
quartus_fit --read_settings_files=off --write_settings_files=off DE1_SoC_Computer -c DE1_SoC_Computer
quartus_asm --read_settings_files=off --write_settings_files=off DE1_SoC_Computer -c DE1_SoC_Computer
quartus_sta DE1_SoC_Computer -c DE1_SoC_Computer
quartus_map --read_settings_files=on --write_settings_files=off DE1_SoC_Computer -c DE1_SoC_Computer
quartus_cdb --read_settings_files=off --write_settings_files=off DE1_SoC_Computer -c DE1_SoC_Computer --merge=on
quartus_fit --read_settings_files=off --write_settings_files=off DE1_SoC_Computer -c DE1_SoC_Computer
quartus_asm --read_settings_files=off --write_settings_files=off DE1_SoC_Computer -c DE1_SoC_Computer
quartus_sta DE1_SoC_Computer -c DE1_SoC_Computer
quartus_map --read_settings_files=on --write_settings_files=off DE1_SoC_Computer -c DE1_SoC_Computer
quartus_cdb --read_settings_files=off --write_settings_files=off DE1_SoC_Computer -c DE1_SoC_Computer --merge=on
quartus_fit --read_settings_files=off --write_settings_files=off DE1_SoC_Computer -c DE1_SoC_Computer
quartus_asm --read_settings_files=off --write_settings_files=off DE1_SoC_Computer -c DE1_SoC_Computer
quartus_sta DE1_SoC_Computer -c DE1_SoC_Computer
quartus_map --read_settings_files=on --write_settings_files=off DE1_SoC_Computer -c DE1_SoC_Computer
quartus_cdb --read_settings_files=off --write_settings_files=off DE1_SoC_Computer -c DE1_SoC_Computer --merge=on
quartus_fit --read_settings_files=off --write_settings_files=off DE1_SoC_Computer -c DE1_SoC_Computer
quartus_asm --read_settings_files=off --write_settings_files=off DE1_SoC_Computer -c DE1_SoC_Computer
quartus_sta DE1_SoC_Computer -c DE1_SoC_Computer
quartus_map --read_settings_files=on --write_settings_files=off DE1_SoC_Computer -c DE1_SoC_Computer
quartus_cdb --read_settings_files=off --write_settings_files=off DE1_SoC_Computer -c DE1_SoC_Computer --merge=on
quartus_fit --read_settings_files=off --write_settings_files=off DE1_SoC_Computer -c DE1_SoC_Computer
quartus_asm --read_settings_files=off --write_settings_files=off DE1_SoC_Computer -c DE1_SoC_Computer
quartus_sta DE1_SoC_Computer -c DE1_SoC_Computer
quartus_map --read_settings_files=on --write_settings_files=off DE1_SoC_Computer -c DE1_SoC_Computer
quartus_cdb --read_settings_files=off --write_settings_files=off DE1_SoC_Computer -c DE1_SoC_Computer --merge=on
quartus_fit --read_settings_files=off --write_settings_files=off DE1_SoC_Computer -c DE1_SoC_Computer
quartus_asm --read_settings_files=off --write_settings_files=off DE1_SoC_Computer -c DE1_SoC_Computer
quartus_sta DE1_SoC_Computer -c DE1_SoC_Computer
quartus_map --read_settings_files=on --write_settings_files=off DE1_SoC_Computer -c DE1_SoC_Computer
quartus_map --read_settings_files=on --write_settings_files=off DE1_SoC_Computer -c DE1_SoC_Computer
quartus_cdb --read_settings_files=off --write_settings_files=off DE1_SoC_Computer -c DE1_SoC_Computer --merge=on
quartus_fit --read_settings_files=off --write_settings_files=off DE1_SoC_Computer -c DE1_SoC_Computer
quartus_asm --read_settings_files=off --write_settings_files=off DE1_SoC_Computer -c DE1_SoC_Computer
quartus_sta DE1_SoC_Computer -c DE1_SoC_Computer
quartus_map --read_settings_files=on --write_settings_files=off DE1_SoC_Computer -c DE1_SoC_Computer
quartus_cdb --read_settings_files=off --write_settings_files=off DE1_SoC_Computer -c DE1_SoC_Computer --merge=on
quartus_fit --read_settings_files=off --write_settings_files=off DE1_SoC_Computer -c DE1_SoC_Computer
quartus_asm --read_settings_files=off --write_settings_files=off DE1_SoC_Computer -c DE1_SoC_Computer
quartus_sta DE1_SoC_Computer -c DE1_SoC_Computer
quartus_map --read_settings_files=on --write_settings_files=off DE1_SoC_Computer -c DE1_SoC_Computer
quartus_cdb --read_settings_files=off --write_settings_files=off DE1_SoC_Computer -c DE1_SoC_Computer --merge=on
quartus_fit --read_settings_files=off --write_settings_files=off DE1_SoC_Computer -c DE1_SoC_Computer
quartus_asm --read_settings_files=off --write_settings_files=off DE1_SoC_Computer -c DE1_SoC_Computer
quartus_map --read_settings_files=on --write_settings_files=off DE1_SoC_Computer -c DE1_SoC_Computer
quartus_cdb --read_settings_files=off --write_settings_files=off DE1_SoC_Computer -c DE1_SoC_Computer --merge=on
quartus_fit --read_settings_files=off --write_settings_files=off DE1_SoC_Computer -c DE1_SoC_Computer
quartus_asm --read_settings_files=off --write_settings_files=off DE1_SoC_Computer -c DE1_SoC_Computer
quartus_sta DE1_SoC_Computer -c DE1_SoC_Computer
quartus_map --read_settings_files=on --write_settings_files=off DE1_SoC_Computer -c DE1_SoC_Computer
quartus_cdb --read_settings_files=off --write_settings_files=off DE1_SoC_Computer -c DE1_SoC_Computer --merge=on
quartus_fit --read_settings_files=off --write_settings_files=off DE1_SoC_Computer -c DE1_SoC_Computer
quartus_asm --read_settings_files=off --write_settings_files=off DE1_SoC_Computer -c DE1_SoC_Computer
quartus_sta DE1_SoC_Computer -c DE1_SoC_Computer
quartus_map --read_settings_files=on --write_settings_files=off DE1_SoC_Computer -c DE1_SoC_Computer
quartus_cdb --read_settings_files=off --write_settings_files=off DE1_SoC_Computer -c DE1_SoC_Computer --merge=on
quartus_fit --read_settings_files=off --write_settings_files=off DE1_SoC_Computer -c DE1_SoC_Computer
quartus_asm --read_settings_files=off --write_settings_files=off DE1_SoC_Computer -c DE1_SoC_Computer
quartus_sta DE1_SoC_Computer -c DE1_SoC_Computer
quartus_map --read_settings_files=on --write_settings_files=off DE1_SoC_Computer -c DE1_SoC_Computer
quartus_cdb --read_settings_files=off --write_settings_files=off DE1_SoC_Computer -c DE1_SoC_Computer --merge=on
quartus_fit --read_settings_files=off --write_settings_files=off DE1_SoC_Computer -c DE1_SoC_Computer
quartus_asm --read_settings_files=off --write_settings_files=off DE1_SoC_Computer -c DE1_SoC_Computer
quartus_sta DE1_SoC_Computer -c DE1_SoC_Computer
quartus_map --read_settings_files=on --write_settings_files=off DE1_SoC_Computer -c DE1_SoC_Computer
quartus_cdb --read_settings_files=off --write_settings_files=off DE1_SoC_Computer -c DE1_SoC_Computer --merge=on
quartus_fit --read_settings_files=off --write_settings_files=off DE1_SoC_Computer -c DE1_SoC_Computer
quartus_asm --read_settings_files=off --write_settings_files=off DE1_SoC_Computer -c DE1_SoC_Computer
quartus_sta DE1_SoC_Computer -c DE1_SoC_Computer
quartus_map --read_settings_files=on --write_settings_files=off DE1_SoC_Computer -c DE1_SoC_Computer
quartus_cdb --read_settings_files=off --write_settings_files=off DE1_SoC_Computer -c DE1_SoC_Computer --merge=on
quartus_fit --read_settings_files=off --write_settings_files=off DE1_SoC_Computer -c DE1_SoC_Computer
quartus_asm --read_settings_files=off --write_settings_files=off DE1_SoC_Computer -c DE1_SoC_Computer
quartus_sta DE1_SoC_Computer -c DE1_SoC_Computer
quartus_map --read_settings_files=on --write_settings_files=off DE1_SoC_Computer -c DE1_SoC_Computer
quartus_map --read_settings_files=on --write_settings_files=off DE1_SoC_Computer -c DE1_SoC_Computer
quartus_cdb --read_settings_files=off --write_settings_files=off DE1_SoC_Computer -c DE1_SoC_Computer --merge=on
quartus_fit --read_settings_files=off --write_settings_files=off DE1_SoC_Computer -c DE1_SoC_Computer
quartus_asm --read_settings_files=off --write_settings_files=off DE1_SoC_Computer -c DE1_SoC_Computer
quartus_sta DE1_SoC_Computer -c DE1_SoC_Computer
quartus_map --read_settings_files=on --write_settings_files=off DE1_SoC_Computer -c DE1_SoC_Computer
quartus_cdb --read_settings_files=off --write_settings_files=off DE1_SoC_Computer -c DE1_SoC_Computer --merge=on
quartus_fit --read_settings_files=off --write_settings_files=off DE1_SoC_Computer -c DE1_SoC_Computer
quartus_asm --read_settings_files=off --write_settings_files=off DE1_SoC_Computer -c DE1_SoC_Computer
quartus_sta DE1_SoC_Computer -c DE1_SoC_Computer
quartus_map --read_settings_files=on --write_settings_files=off DE1_SoC_Computer -c DE1_SoC_Computer
quartus_cdb --read_settings_files=off --write_settings_files=off DE1_SoC_Computer -c DE1_SoC_Computer --merge=on
quartus_fit --read_settings_files=off --write_settings_files=off DE1_SoC_Computer -c DE1_SoC_Computer
quartus_asm --read_settings_files=off --write_settings_files=off DE1_SoC_Computer -c DE1_SoC_Computer
quartus_sta DE1_SoC_Computer -c DE1_SoC_Computer
quartus_map --read_settings_files=on --write_settings_files=off DE1_SoC_Computer -c DE1_SoC_Computer
quartus_cdb --read_settings_files=off --write_settings_files=off DE1_SoC_Computer -c DE1_SoC_Computer --merge=on
quartus_fit --read_settings_files=off --write_settings_files=off DE1_SoC_Computer -c DE1_SoC_Computer
quartus_asm --read_settings_files=off --write_settings_files=off DE1_SoC_Computer -c DE1_SoC_Computer
quartus_sta DE1_SoC_Computer -c DE1_SoC_Computer
quartus_map --read_settings_files=on --write_settings_files=off DE1_SoC_Computer -c DE1_SoC_Computer
quartus_cdb --read_settings_files=off --write_settings_files=off DE1_SoC_Computer -c DE1_SoC_Computer --merge=on
quartus_fit --read_settings_files=off --write_settings_files=off DE1_SoC_Computer -c DE1_SoC_Computer
quartus_asm --read_settings_files=off --write_settings_files=off DE1_SoC_Computer -c DE1_SoC_Computer
quartus_sta DE1_SoC_Computer -c DE1_SoC_Computer
quartus_map --read_settings_files=on --write_settings_files=off DE1_SoC_Computer -c DE1_SoC_Computer
quartus_cdb --read_settings_files=off --write_settings_files=off DE1_SoC_Computer -c DE1_SoC_Computer --merge=on
quartus_fit --read_settings_files=off --write_settings_files=off DE1_SoC_Computer -c DE1_SoC_Computer
quartus_asm --read_settings_files=off --write_settings_files=off DE1_SoC_Computer -c DE1_SoC_Computer
quartus_sta DE1_SoC_Computer -c DE1_SoC_Computer
quartus_map --read_settings_files=on --write_settings_files=off DE1_SoC_Computer -c DE1_SoC_Computer
quartus_cdb --read_settings_files=off --write_settings_files=off DE1_SoC_Computer -c DE1_SoC_Computer --merge=on
quartus_fit --read_settings_files=off --write_settings_files=off DE1_SoC_Computer -c DE1_SoC_Computer
quartus_asm --read_settings_files=off --write_settings_files=off DE1_SoC_Computer -c DE1_SoC_Computer
quartus_sta DE1_SoC_Computer -c DE1_SoC_Computer
quartus_map --read_settings_files=on --write_settings_files=off DE1_SoC_Computer -c DE1_SoC_Computer
quartus_cdb --read_settings_files=off --write_settings_files=off DE1_SoC_Computer -c DE1_SoC_Computer --merge=on
quartus_fit --read_settings_files=off --write_settings_files=off DE1_SoC_Computer -c DE1_SoC_Computer
quartus_asm --read_settings_files=off --write_settings_files=off DE1_SoC_Computer -c DE1_SoC_Computer
quartus_sta DE1_SoC_Computer -c DE1_SoC_Computer
quartus_map --read_settings_files=on --write_settings_files=off DE1_SoC_Computer -c DE1_SoC_Computer
quartus_cdb --read_settings_files=off --write_settings_files=off DE1_SoC_Computer -c DE1_SoC_Computer --merge=on
quartus_fit --read_settings_files=off --write_settings_files=off DE1_SoC_Computer -c DE1_SoC_Computer
quartus_asm --read_settings_files=off --write_settings_files=off DE1_SoC_Computer -c DE1_SoC_Computer
quartus_sta DE1_SoC_Computer -c DE1_SoC_Computer
quartus_map --read_settings_files=on --write_settings_files=off DE1_SoC_Computer -c DE1_SoC_Computer
quartus_cdb --read_settings_files=off --write_settings_files=off DE1_SoC_Computer -c DE1_SoC_Computer --merge=on
quartus_fit --read_settings_files=off --write_settings_files=off DE1_SoC_Computer -c DE1_SoC_Computer
quartus_asm --read_settings_files=off --write_settings_files=off DE1_SoC_Computer -c DE1_SoC_Computer
quartus_sta DE1_SoC_Computer -c DE1_SoC_Computer
quartus_map --read_settings_files=on --write_settings_files=off DE1_SoC_Computer -c DE1_SoC_Computer
quartus_cdb --read_settings_files=off --write_settings_files=off DE1_SoC_Computer -c DE1_SoC_Computer --merge=on
quartus_fit --read_settings_files=off --write_settings_files=off DE1_SoC_Computer -c DE1_SoC_Computer
quartus_asm --read_settings_files=off --write_settings_files=off DE1_SoC_Computer -c DE1_SoC_Computer
quartus_sta DE1_SoC_Computer -c DE1_SoC_Computer
quartus_map --read_settings_files=on --write_settings_files=off DE1_SoC_Computer -c DE1_SoC_Computer
quartus_cdb --read_settings_files=off --write_settings_files=off DE1_SoC_Computer -c DE1_SoC_Computer --merge=on
quartus_fit --read_settings_files=off --write_settings_files=off DE1_SoC_Computer -c DE1_SoC_Computer
quartus_asm --read_settings_files=off --write_settings_files=off DE1_SoC_Computer -c DE1_SoC_Computer
quartus_sta DE1_SoC_Computer -c DE1_SoC_Computer
quartus_map --read_settings_files=on --write_settings_files=off DE1_SoC_Computer -c DE1_SoC_Computer
quartus_cdb --read_settings_files=off --write_settings_files=off DE1_SoC_Computer -c DE1_SoC_Computer --merge=on
quartus_fit --read_settings_files=off --write_settings_files=off DE1_SoC_Computer -c DE1_SoC_Computer
quartus_asm --read_settings_files=off --write_settings_files=off DE1_SoC_Computer -c DE1_SoC_Computer
quartus_sta DE1_SoC_Computer -c DE1_SoC_Computer
quartus_map --read_settings_files=on --write_settings_files=off DE1_SoC_Computer -c DE1_SoC_Computer
quartus_cdb --read_settings_files=off --write_settings_files=off DE1_SoC_Computer -c DE1_SoC_Computer --merge=on
quartus_fit --read_settings_files=off --write_settings_files=off DE1_SoC_Computer -c DE1_SoC_Computer
quartus_asm --read_settings_files=off --write_settings_files=off DE1_SoC_Computer -c DE1_SoC_Computer
quartus_sta DE1_SoC_Computer -c DE1_SoC_Computer
quartus_map --read_settings_files=on --write_settings_files=off DE1_SoC_Computer -c DE1_SoC_Computer
quartus_cdb --read_settings_files=off --write_settings_files=off DE1_SoC_Computer -c DE1_SoC_Computer --merge=on
quartus_fit --read_settings_files=off --write_settings_files=off DE1_SoC_Computer -c DE1_SoC_Computer
quartus_asm --read_settings_files=off --write_settings_files=off DE1_SoC_Computer -c DE1_SoC_Computer
quartus_sta DE1_SoC_Computer -c DE1_SoC_Computer
quartus_map --read_settings_files=on --write_settings_files=off DE1_SoC_Computer -c DE1_SoC_Computer
quartus_cdb --read_settings_files=off --write_settings_files=off DE1_SoC_Computer -c DE1_SoC_Computer --merge=on
quartus_fit --read_settings_files=off --write_settings_files=off DE1_SoC_Computer -c DE1_SoC_Computer
quartus_asm --read_settings_files=off --write_settings_files=off DE1_SoC_Computer -c DE1_SoC_Computer
quartus_sta DE1_SoC_Computer -c DE1_SoC_Computer
quartus_map --read_settings_files=on --write_settings_files=off DE1_SoC_Computer -c DE1_SoC_Computer
quartus_cdb --read_settings_files=off --write_settings_files=off DE1_SoC_Computer -c DE1_SoC_Computer --merge=on
quartus_fit --read_settings_files=off --write_settings_files=off DE1_SoC_Computer -c DE1_SoC_Computer
quartus_map --read_settings_files=on --write_settings_files=off DE1_SoC_Computer -c DE1_SoC_Computer
quartus_cdb --read_settings_files=off --write_settings_files=off DE1_SoC_Computer -c DE1_SoC_Computer --merge=on
quartus_fit --read_settings_files=off --write_settings_files=off DE1_SoC_Computer -c DE1_SoC_Computer
quartus_asm --read_settings_files=off --write_settings_files=off DE1_SoC_Computer -c DE1_SoC_Computer
quartus_sta DE1_SoC_Computer -c DE1_SoC_Computer
quartus_map --read_settings_files=on --write_settings_files=off DE1_SoC_Computer -c DE1_SoC_Computer
quartus_cdb --read_settings_files=off --write_settings_files=off DE1_SoC_Computer -c DE1_SoC_Computer --merge=on
quartus_map --read_settings_files=on --write_settings_files=off DE1_SoC_Computer -c DE1_SoC_Computer
quartus_cdb --read_settings_files=off --write_settings_files=off DE1_SoC_Computer -c DE1_SoC_Computer --merge=on
quartus_fit --read_settings_files=off --write_settings_files=off DE1_SoC_Computer -c DE1_SoC_Computer
quartus_asm --read_settings_files=off --write_settings_files=off DE1_SoC_Computer -c DE1_SoC_Computer
quartus_sta DE1_SoC_Computer -c DE1_SoC_Computer
quartus_map --read_settings_files=on --write_settings_files=off DE1_SoC_Computer -c DE1_SoC_Computer
quartus_cdb --read_settings_files=off --write_settings_files=off DE1_SoC_Computer -c DE1_SoC_Computer --merge=on
quartus_fit --read_settings_files=off --write_settings_files=off DE1_SoC_Computer -c DE1_SoC_Computer
quartus_asm --read_settings_files=off --write_settings_files=off DE1_SoC_Computer -c DE1_SoC_Computer
quartus_sta DE1_SoC_Computer -c DE1_SoC_Computer
quartus_map --read_settings_files=on --write_settings_files=off DE1_SoC_Computer -c DE1_SoC_Computer
quartus_map --read_settings_files=on --write_settings_files=off DE1_SoC_Computer -c DE1_SoC_Computer
quartus_cdb --read_settings_files=off --write_settings_files=off DE1_SoC_Computer -c DE1_SoC_Computer --merge=on
quartus_fit --read_settings_files=off --write_settings_files=off DE1_SoC_Computer -c DE1_SoC_Computer
quartus_asm --read_settings_files=off --write_settings_files=off DE1_SoC_Computer -c DE1_SoC_Computer
quartus_sta DE1_SoC_Computer -c DE1_SoC_Computer
quartus_map --read_settings_files=on --write_settings_files=off DE1_SoC_Computer -c DE1_SoC_Computer
quartus_cdb --read_settings_files=off --write_settings_files=off DE1_SoC_Computer -c DE1_SoC_Computer --merge=on
quartus_fit --read_settings_files=off --write_settings_files=off DE1_SoC_Computer -c DE1_SoC_Computer
quartus_map --read_settings_files=on --write_settings_files=off DE1_SoC_Computer -c DE1_SoC_Computer
quartus_cdb --read_settings_files=off --write_settings_files=off DE1_SoC_Computer -c DE1_SoC_Computer --merge=on
quartus_fit --read_settings_files=off --write_settings_files=off DE1_SoC_Computer -c DE1_SoC_Computer
quartus_asm --read_settings_files=off --write_settings_files=off DE1_SoC_Computer -c DE1_SoC_Computer
quartus_sta DE1_SoC_Computer -c DE1_SoC_Computer
quartus_map --read_settings_files=on --write_settings_files=off DE1_SoC_Computer -c DE1_SoC_Computer
quartus_cdb --read_settings_files=off --write_settings_files=off DE1_SoC_Computer -c DE1_SoC_Computer --merge=on
quartus_fit --read_settings_files=off --write_settings_files=off DE1_SoC_Computer -c DE1_SoC_Computer
quartus_asm --read_settings_files=off --write_settings_files=off DE1_SoC_Computer -c DE1_SoC_Computer
quartus_sta DE1_SoC_Computer -c DE1_SoC_Computer
quartus_map --read_settings_files=on --write_settings_files=off DE1_SoC_Computer -c DE1_SoC_Computer
quartus_cdb --read_settings_files=off --write_settings_files=off DE1_SoC_Computer -c DE1_SoC_Computer --merge=on
quartus_fit --read_settings_files=off --write_settings_files=off DE1_SoC_Computer -c DE1_SoC_Computer
quartus_map --read_settings_files=on --write_settings_files=off DE1_SoC_Computer -c DE1_SoC_Computer
quartus_cdb --read_settings_files=off --write_settings_files=off DE1_SoC_Computer -c DE1_SoC_Computer --merge=on
quartus_fit --read_settings_files=off --write_settings_files=off DE1_SoC_Computer -c DE1_SoC_Computer
quartus_map --read_settings_files=on --write_settings_files=off DE1_SoC_Computer -c DE1_SoC_Computer
quartus_cdb --read_settings_files=off --write_settings_files=off DE1_SoC_Computer -c DE1_SoC_Computer --merge=on
quartus_fit --read_settings_files=off --write_settings_files=off DE1_SoC_Computer -c DE1_SoC_Computer
quartus_asm --read_settings_files=off --write_settings_files=off DE1_SoC_Computer -c DE1_SoC_Computer
quartus_sta DE1_SoC_Computer -c DE1_SoC_Computer
quartus_map --read_settings_files=on --write_settings_files=off DE1_SoC_Computer -c DE1_SoC_Computer
quartus_cdb --read_settings_files=off --write_settings_files=off DE1_SoC_Computer -c DE1_SoC_Computer --merge=on
quartus_fit --read_settings_files=off --write_settings_files=off DE1_SoC_Computer -c DE1_SoC_Computer
quartus_map --read_settings_files=on --write_settings_files=off DE1_SoC_Computer -c DE1_SoC_Computer
quartus_cdb --read_settings_files=off --write_settings_files=off DE1_SoC_Computer -c DE1_SoC_Computer --merge=on
quartus_map --read_settings_files=on --write_settings_files=off DE1_SoC_Computer -c DE1_SoC_Computer
quartus_cdb --read_settings_files=off --write_settings_files=off DE1_SoC_Computer -c DE1_SoC_Computer --merge=on
quartus_fit --read_settings_files=off --write_settings_files=off DE1_SoC_Computer -c DE1_SoC_Computer
quartus_asm --read_settings_files=off --write_settings_files=off DE1_SoC_Computer -c DE1_SoC_Computer
quartus_sta DE1_SoC_Computer -c DE1_SoC_Computer
quartus_map --read_settings_files=on --write_settings_files=off DE1_SoC_Computer -c DE1_SoC_Computer
quartus_cdb --read_settings_files=off --write_settings_files=off DE1_SoC_Computer -c DE1_SoC_Computer --merge=on
quartus_fit --read_settings_files=off --write_settings_files=off DE1_SoC_Computer -c DE1_SoC_Computer
quartus_map --read_settings_files=on --write_settings_files=off DE1_SoC_Computer -c DE1_SoC_Computer
quartus_cdb --read_settings_files=off --write_settings_files=off DE1_SoC_Computer -c DE1_SoC_Computer --merge=on
quartus_fit --read_settings_files=off --write_settings_files=off DE1_SoC_Computer -c DE1_SoC_Computer
quartus_asm --read_settings_files=off --write_settings_files=off DE1_SoC_Computer -c DE1_SoC_Computer
quartus_sta DE1_SoC_Computer -c DE1_SoC_Computer
quartus_map --read_settings_files=on --write_settings_files=off DE1_SoC_Computer -c DE1_SoC_Computer
quartus_cdb --read_settings_files=off --write_settings_files=off DE1_SoC_Computer -c DE1_SoC_Computer --merge=on
quartus_fit --read_settings_files=off --write_settings_files=off DE1_SoC_Computer -c DE1_SoC_Computer
quartus_asm --read_settings_files=off --write_settings_files=off DE1_SoC_Computer -c DE1_SoC_Computer
quartus_sta DE1_SoC_Computer -c DE1_SoC_Computer
quartus_map --read_settings_files=on --write_settings_files=off DE1_SoC_Computer -c DE1_SoC_Computer
quartus_cdb --read_settings_files=off --write_settings_files=off DE1_SoC_Computer -c DE1_SoC_Computer --merge=on
quartus_fit --read_settings_files=off --write_settings_files=off DE1_SoC_Computer -c DE1_SoC_Computer
quartus_asm --read_settings_files=off --write_settings_files=off DE1_SoC_Computer -c DE1_SoC_Computer
quartus_sta DE1_SoC_Computer -c DE1_SoC_Computer



