Assembler report for de2i_150_qsys_pcie
Wed May 29 12:57:29 2019
Quartus Prime Version 17.1.0 Build 590 10/25/2017 SJ Standard Edition


---------------------
; Table of Contents ;
---------------------
  1. Legal Notice
  2. Assembler Summary
  3. Assembler Settings
  4. Assembler Generated Files
  5. Assembler Device Options: C:/Users/TungLT/Desktop/FINAL_PROJECT/A1/PCIE_Display/de2i_150_qsys_pcie.sof
  6. Assembler Device Options: C:/Users/TungLT/Desktop/FINAL_PROJECT/A1/PCIE_Display/de2i_150_qsys_pcie.pof
  7. Assembler Messages



----------------
; Legal Notice ;
----------------
Copyright (C) 2017  Intel Corporation. All rights reserved.
Your use of Intel Corporation's design tools, logic functions 
and other software and tools, and its AMPP partner logic 
functions, and any output files from any of the foregoing 
(including device programming or simulation files), and any 
associated documentation or information are expressly subject 
to the terms and conditions of the Intel Program License 
Subscription Agreement, the Intel Quartus Prime License Agreement,
the Intel FPGA IP License Agreement, or other applicable license
agreement, including, without limitation, that your use is for
the sole purpose of programming logic devices manufactured by
Intel and sold by Intel or its authorized distributors.  Please
refer to the applicable agreement for further details.



+---------------------------------------------------------------+
; Assembler Summary                                             ;
+-----------------------+---------------------------------------+
; Assembler Status      ; Successful - Wed May 29 12:57:29 2019 ;
; Revision Name         ; de2i_150_qsys_pcie                    ;
; Top-level Entity Name ; de2i_150_qsys_pcie                    ;
; Family                ; Cyclone IV GX                         ;
; Device                ; EP4CGX150DF31C7                       ;
+-----------------------+---------------------------------------+


+----------------------------------+
; Assembler Settings               ;
+--------+---------+---------------+
; Option ; Setting ; Default Value ;
+--------+---------+---------------+


+------------------------------------------------------------------------------+
; Assembler Generated Files                                                    ;
+------------------------------------------------------------------------------+
; File Name                                                                    ;
+------------------------------------------------------------------------------+
; C:/Users/TungLT/Desktop/FINAL_PROJECT/A1/PCIE_Display/de2i_150_qsys_pcie.sof ;
; C:/Users/TungLT/Desktop/FINAL_PROJECT/A1/PCIE_Display/de2i_150_qsys_pcie.pof ;
+------------------------------------------------------------------------------+


+--------------------------------------------------------------------------------------------------------+
; Assembler Device Options: C:/Users/TungLT/Desktop/FINAL_PROJECT/A1/PCIE_Display/de2i_150_qsys_pcie.sof ;
+----------------+---------------------------------------------------------------------------------------+
; Option         ; Setting                                                                               ;
+----------------+---------------------------------------------------------------------------------------+
; JTAG usercode  ; 0xFFFFFFFF                                                                            ;
; Checksum       ; 0x014450E7                                                                            ;
+----------------+---------------------------------------------------------------------------------------+


+--------------------------------------------------------------------------------------------------------+
; Assembler Device Options: C:/Users/TungLT/Desktop/FINAL_PROJECT/A1/PCIE_Display/de2i_150_qsys_pcie.pof ;
+--------------------+-----------------------------------------------------------------------------------+
; Option             ; Setting                                                                           ;
+--------------------+-----------------------------------------------------------------------------------+
; JTAG usercode      ; 0x00000000                                                                        ;
; Checksum           ; 0x6A991FFA                                                                        ;
; Compression Ratio  ; 3                                                                                 ;
+--------------------+-----------------------------------------------------------------------------------+


+--------------------+
; Assembler Messages ;
+--------------------+
Info: *******************************************************************
Info: Running Quartus Prime Assembler
    Info: Version 17.1.0 Build 590 10/25/2017 SJ Standard Edition
    Info: Processing started: Wed May 29 12:57:10 2019
Info: Command: quartus_asm --read_settings_files=off --write_settings_files=off de2i_150_qsys_pcie -c de2i_150_qsys_pcie
Warning (125092): Tcl Script File software/VIP_TEST/mem_init/meminit.qip not found
    Info (125063): set_global_assignment -name QIP_FILE software/VIP_TEST/mem_init/meminit.qip
Info (115031): Writing out detailed assembly data for power analysis
Info (115030): Assembler is generating device programming files
Info: Quartus Prime Assembler was successful. 0 errors, 1 warning
    Info: Peak virtual memory: 741 megabytes
    Info: Processing ended: Wed May 29 12:57:29 2019
    Info: Elapsed time: 00:00:19
    Info: Total CPU time (on all processors): 00:00:17


